<?xml version="1.0" encoding="UTF-8"?>
<!-- Generated by org.testng.reporters.JUnitReportReporter -->
<testsuite skipped="0" hostname="Sharan-PC" name="OrangeHRMPkg.BrowserLaunchScript" tests="1" failures="0" timestamp="2020-06-26T13:25:44 IST" time="11.006" errors="0">
  <testcase name="launchBrowser" time="11.006" classname="OrangeHRMPkg.BrowserLaunchScript"/>
  <system-out/>
</testsuite> <!-- OrangeHRMPkg.BrowserLaunchScript -->
